<?xml version="1.0" encoding="UTF-8"?>
<!-- Generated by org.testng.reporters.JUnitReportReporter -->
<testsuite hostname="ojt16-PC" name="DriverFactory.AppTest" tests="1" failures="0" timestamp="30 Jul 2019 06:41:30 GMT" time="26.285" errors="0">
  <testcase name="kickStart" time="26.285" classname="DriverFactory.AppTest"/>
</testsuite> <!-- DriverFactory.AppTest -->
